E:\CODING\PROJECT\AUTORANGE\AUTORANGE\DEBUG\AUTORANGE.PCH
E:\CODING\PROJECT\AUTORANGE\AUTORANGE\DEBUG\STDAFX.OBJ
E:\CODING\PROJECT\AUTORANGE\AUTORANGE\DEBUG\VC100.PDB
E:\CODING\PROJECT\AUTORANGE\AUTORANGE\DEBUG\AUTORANGE.OBJ
E:\CODING\PROJECT\AUTORANGE\AUTORANGE\DEBUG\MAIN.OBJ
E:\CODING\PROJECT\AUTORANGE\AUTORANGE\DEBUG\NODE.OBJ
E:\CODING\PROJECT\AUTORANGE\DEBUG\AUTORANGE.ILK
E:\CODING\PROJECT\AUTORANGE\DEBUG\AUTORANGE.EXE
E:\CODING\PROJECT\AUTORANGE\AUTORANGE\DEBUG\AUTORANGE.EXE.INTERMEDIATE.MANIFEST
E:\CODING\PROJECT\AUTORANGE\DEBUG\AUTORANGE.PDB
E:\CODING\PROJECT\AUTORANGE\DEBUG\AUTORANGE.EXE.MANIFEST
E:\Coding\Project\AutoRange\AutoRange\Debug\AutoRange.obj
E:\Coding\Project\AutoRange\AutoRange\Debug\main.obj
E:\Coding\Project\AutoRange\AutoRange\Debug\Node.obj
E:\Coding\Project\AutoRange\AutoRange\Debug\stdafx.obj
E:\Coding\Project\AutoRange\AutoRange\Debug\cl.command.1.tlog
E:\Coding\Project\AutoRange\AutoRange\Debug\CL.read.1.tlog
E:\Coding\Project\AutoRange\AutoRange\Debug\CL.write.1.tlog
E:\Coding\Project\AutoRange\AutoRange\Debug\link.3892.read.1.tlog
E:\Coding\Project\AutoRange\AutoRange\Debug\link.3892.write.1.tlog
E:\Coding\Project\AutoRange\AutoRange\Debug\link.command.1.tlog
E:\Coding\Project\AutoRange\AutoRange\Debug\link.read.1.tlog
E:\Coding\Project\AutoRange\AutoRange\Debug\link.write.1.tlog
E:\Coding\Project\AutoRange\AutoRange\Debug\mt.command.1.tlog
E:\Coding\Project\AutoRange\AutoRange\Debug\mt.read.1.tlog
E:\Coding\Project\AutoRange\AutoRange\Debug\mt.write.1.tlog
E:\Coding\Project\AutoRange\AutoRange\Debug\AutoRange.exe.intermediate.manifest
E:\Coding\Project\AutoRange\AutoRange\Debug\AutoRange.pch
E:\Coding\Project\AutoRange\AutoRange\Debug\vc100.idb
E:\Coding\Project\AutoRange\AutoRange\Debug\vc100.pdb
E:\Coding\Project\AutoRange\Debug\AutoRange.exe.manifest
E:\Coding\Project\AutoRange\Debug\AutoRange.pdb
E:\Coding\Project\AutoRange\Debug\AutoRange.exe
E:\Coding\Project\AutoRange\Debug\AutoRange.ilk
